<?xml version="1.0" encoding="UTF-8"?>
<!-- Generated by org.testng.reporters.JUnitReportReporter -->
<testsuite hostname="LAPTOP-ROV3JR8D" failures="0" tests="1" name="testcompenet.Sanitytestsignup" time="39.057" errors="0" timestamp="2023-09-29T19:25:07 IST" skipped="0">
  <testcase classname="testcompenet.Sanitytestsignup" name="roundtripflightsearch" time="39.057"/>
  <system-out/>
</testsuite> <!-- testcompenet.Sanitytestsignup -->
