<?xml version="1.0" encoding="UTF-8"?>
<!-- Generated by org.testng.reporters.JUnitReportReporter -->
<testsuite hostname="LAPTOP-ROV3JR8D" failures="0" tests="1" name="Basecomponent.BaseClass" time="9.382" errors="0" timestamp="2023-09-25T13:12:27 IST" skipped="0">
  <testcase classname="Basecomponent.BaseClass" name="test1" time="9.382"/>
  <system-out/>
</testsuite> <!-- Basecomponent.BaseClass -->
