<?xml version="1.0" encoding="UTF-8"?>
<!-- Generated by org.testng.reporters.JUnitReportReporter -->
<testsuite hostname="LAPTOP-ROV3JR8D" failures="0" tests="1" name="basecomponent.BaseClass" time="19.873" errors="0" timestamp="2023-09-27T14:45:44 IST" skipped="0">
  <testcase classname="basecomponent.BaseClass" name="test1" time="19.873"/>
  <system-out/>
</testsuite> <!-- basecomponent.BaseClass -->
